  源.cpp
D:\学习资料\比特教育\-STL-\priority_queue\priority_queue.h(37,25): warning C4018: “<”: 有符号/无符号不匹配
D:\学习资料\比特教育\-STL-\priority_queue\priority_queue.h(35): message : 在编译 类 模板 成员函数“void sht::priority_queue<int,std::vector<T,std::allocator<T>>,sht::less<T>>::adjustdown(Container &,int)”时
          with
          [
              T=int,
              Container=std::vector<int,std::allocator<int>>
          ]
D:\学习资料\比特教育\-STL-\priority_queue\priority_queue.h(89): message : 查看对正在编译的函数 模板 实例化“void sht::priority_queue<int,std::vector<T,std::allocator<T>>,sht::less<T>>::adjustdown(Container &,int)”的引用
          with
          [
              T=int,
              Container=std::vector<int,std::allocator<int>>
          ]
D:\学习资料\比特教育\-STL-\priority_queue\源.cpp(10): message : 查看对正在编译的 类 模板 实例化“sht::priority_queue<int,std::vector<T,std::allocator<T>>,sht::less<T>>”的引用
          with
          [
              T=int
          ]
D:\学习资料\比特教育\-STL-\priority_queue\priority_queue.h(40,31): warning C4018: “<”: 有符号/无符号不匹配
  priority_queue.vcxproj -> D:\学习资料\比特教育\-STL-\priority_queue\Debug\priority_queue.exe
